# JRE version: OpenJDK Runtime Environment (11.0.12+7) (build 11.0.12+7-b1504.28-7817840)
# Java VM: OpenJDK 64-Bit Server VM (11.0.12+7-b1504.28-7817840, mixed mode, tiered, compressed oops, g1 gc, windows-amd64)
Heap:
 garbage-first heap   total 146432K, used 111340K [0x00000000a0c00000, 0x0000000100000000)
  region size 1024K, 49 young (50176K), 6 survivors (6144K)
 Metaspace       used 79393K, capacity 80311K, committed 80588K, reserved 1120256K
  class space    used 8703K, capacity 9073K, committed 9164K, reserved 1048576K
GC Heap History (20 events):
Event: 5.062 GC heap before
{Heap before GC invocations=4 (full 0):
 garbage-first heap   total 98304K, used 41711K [0x00000000a0c00000, 0x0000000100000000)
  region size 1024K, 29 young (29696K), 7 survivors (7168K)
 Metaspace       used 35383K, capacity 35791K, committed 35840K, reserved 1081344K
  class space    used 4384K, capacity 4568K, committed 4608K, reserved 1048576K
}
Event: 5.084 GC heap after
{Heap after GC invocations=5 (full 0):
 garbage-first heap   total 98304K, used 21234K [0x00000000a0c00000, 0x0000000100000000)
  region size 1024K, 3 young (3072K), 3 survivors (3072K)
 Metaspace       used 35383K, capacity 35791K, committed 35840K, reserved 1081344K
  class space    used 4384K, capacity 4568K, committed 4608K, reserved 1048576K
}
Event: 5.899 GC heap before
{Heap before GC invocations=6 (full 0):
 garbage-first heap   total 98304K, used 59122K [0x00000000a0c00000, 0x0000000100000000)
  region size 1024K, 40 young (40960K), 3 survivors (3072K)
 Metaspace       used 42870K, capacity 43297K, committed 43520K, reserved 1087488K
  class space    used 5126K, capacity 5316K, committed 5376K, reserved 1048576K
}
Event: 5.911 GC heap after
{Heap after GC invocations=7 (full 0):
 garbage-first heap   total 118784K, used 25284K [0x00000000a0c00000, 0x0000000100000000)
  region size 1024K, 4 young (4096K), 4 survivors (4096K)
 Metaspace       used 42870K, capacity 43297K, committed 43520K, reserved 1087488K
  class space    used 5126K, capacity 5316K, committed 5376K, reserved 1048576K
}
Event: 6.856 GC heap before
{Heap before GC invocations=7 (full 0):
 garbage-first heap   total 118784K, used 74436K [0x00000000a0c00000, 0x0000000100000000)
  region size 1024K, 49 young (50176K), 4 survivors (4096K)
 Metaspace       used 48151K, capacity 48637K, committed 48896K, reserved 1091584K
  class space    used 5665K, capacity 5879K, committed 5888K, reserved 1048576K
}
Event: 6.876 GC heap after
{Heap after GC invocations=8 (full 0):
 garbage-first heap   total 118784K, used 32402K [0x00000000a0c00000, 0x0000000100000000)
  region size 1024K, 7 young (7168K), 7 survivors (7168K)
 Metaspace       used 48151K, capacity 48637K, committed 48896K, reserved 1091584K
  class space    used 5665K, capacity 5879K, committed 5888K, reserved 1048576K
}
Event: 8.041 GC heap before
{Heap before GC invocations=8 (full 0):
 garbage-first heap   total 118784K, used 78482K [0x00000000a0c00000, 0x0000000100000000)
  region size 1024K, 52 young (53248K), 7 survivors (7168K)
 Metaspace       used 53749K, capacity 54382K, committed 54656K, reserved 1097728K
  class space    used 6188K, capacity 6458K, committed 6528K, reserved 1048576K
}
Event: 8.072 GC heap after
{Heap after GC invocations=9 (full 0):
 garbage-first heap   total 118784K, used 39550K [0x00000000a0c00000, 0x0000000100000000)
  region size 1024K, 7 young (7168K), 7 survivors (7168K)
 Metaspace       used 53749K, capacity 54382K, committed 54656K, reserved 1097728K
  class space    used 6188K, capacity 6458K, committed 6528K, reserved 1048576K
}
Event: 9.083 GC heap before
{Heap before GC invocations=9 (full 0):
 garbage-first heap   total 118784K, used 82558K [0x00000000a0c00000, 0x0000000100000000)
  region size 1024K, 49 young (50176K), 7 survivors (7168K)
 Metaspace       used 54704K, capacity 55326K, committed 55424K, reserved 1097728K
  class space    used 6224K, capacity 6495K, committed 6528K, reserved 1048576K
}
Event: 9.138 GC heap after
{Heap after GC invocations=10 (full 0):
 garbage-first heap   total 118784K, used 47104K [0x00000000a0c00000, 0x0000000100000000)
  region size 1024K, 7 young (7168K), 7 survivors (7168K)
 Metaspace       used 54704K, capacity 55326K, committed 55424K, reserved 1097728K
  class space    used 6224K, capacity 6495K, committed 6528K, reserved 1048576K
}
Event: 9.886 GC heap before
{Heap before GC invocations=10 (full 0):
 garbage-first heap   total 118784K, used 86016K [0x00000000a0c00000, 0x0000000100000000)
  region size 1024K, 45 young (46080K), 7 survivors (7168K)
 Metaspace       used 58402K, capacity 59114K, committed 59264K, reserved 1101824K
  class space    used 6649K, capacity 6924K, committed 7040K, reserved 1048576K
}
Event: 9.919 GC heap after
{Heap after GC invocations=11 (full 0):
 garbage-first heap   total 146432K, used 50176K [0x00000000a0c00000, 0x0000000100000000)
  region size 1024K, 3 young (3072K), 3 survivors (3072K)
 Metaspace       used 58402K, capacity 59114K, committed 59264K, reserved 1101824K
  class space    used 6649K, capacity 6924K, committed 7040K, reserved 1048576K
}
Event: 10.025 GC heap before
{Heap before GC invocations=11 (full 0):
 garbage-first heap   total 146432K, used 52224K [0x00000000a0c00000, 0x0000000100000000)
  region size 1024K, 6 young (6144K), 3 survivors (3072K)
 Metaspace       used 59337K, capacity 60032K, committed 60160K, reserved 1101824K
  class space    used 6802K, capacity 7103K, committed 7168K, reserved 1048576K
}
Event: 10.032 GC heap after
{Heap after GC invocations=12 (full 0):
 garbage-first heap   total 146432K, used 50473K [0x00000000a0c00000, 0x0000000100000000)
  region size 1024K, 3 young (3072K), 3 survivors (3072K)
 Metaspace       used 59337K, capacity 60032K, committed 60160K, reserved 1101824K
  class space    used 6802K, capacity 7103K, committed 7168K, reserved 1048576K
}
Event: 11.526 GC heap before
{Heap before GC invocations=13 (full 0):
 garbage-first heap   total 146432K, used 98601K [0x00000000a0c00000, 0x0000000100000000)
  region size 1024K, 49 young (50176K), 3 survivors (3072K)
 Metaspace       used 64323K, capacity 65112K, committed 65356K, reserved 1107968K
  class space    used 7358K, capacity 7659K, committed 7756K, reserved 1048576K
}
Event: 11.542 GC heap after
{Heap after GC invocations=14 (full 0):
 garbage-first heap   total 146432K, used 56320K [0x00000000a0c00000, 0x0000000100000000)
  region size 1024K, 7 young (7168K), 7 survivors (7168K)
 Metaspace       used 64323K, capacity 65112K, committed 65356K, reserved 1107968K
  class space    used 7358K, capacity 7659K, committed 7756K, reserved 1048576K
}
Event: 13.806 GC heap before
{Heap before GC invocations=15 (full 0):
 garbage-first heap   total 146432K, used 102400K [0x00000000a0c00000, 0x0000000100000000)
  region size 1024K, 52 young (53248K), 7 survivors (7168K)
 Metaspace       used 66996K, capacity 67804K, committed 68044K, reserved 1110016K
  class space    used 7451K, capacity 7773K, committed 7884K, reserved 1048576K
}
Event: 13.837 GC heap after
{Heap after GC invocations=16 (full 0):
 garbage-first heap   total 146432K, used 62313K [0x00000000a0c00000, 0x0000000100000000)
  region size 1024K, 6 young (6144K), 6 survivors (6144K)
 Metaspace       used 66996K, capacity 67804K, committed 68044K, reserved 1110016K
  class space    used 7451K, capacity 7773K, committed 7884K, reserved 1048576K
}
Event: 15.335 GC heap before
{Heap before GC invocations=16 (full 0):
 garbage-first heap   total 146432K, used 106345K [0x00000000a0c00000, 0x0000000100000000)
  region size 1024K, 49 young (50176K), 6 survivors (6144K)
 Metaspace       used 72688K, capacity 73553K, committed 73676K, reserved 1114112K
  class space    used 7971K, capacity 8335K, committed 8396K, reserved 1048576K
}
Event: 15.356 GC heap after
{Heap after GC invocations=17 (full 0):
 garbage-first heap   total 146432K, used 67308K [0x00000000a0c00000, 0x0000000100000000)
  region size 1024K, 5 young (5120K), 5 survivors (5120K)
 Metaspace       used 72688K, capacity 73553K, committed 73676K, reserved 1114112K
  class space    used 7971K, capacity 8335K, committed 8396K, reserved 1048576K
}

